<?xml version="1.0" encoding="UTF-8"?>
<testsuite xmlns:xsi="http://www.w3.org/2001/XMLSchema-instance" xsi:noNamespaceSchemaLocation="https://maven.apache.org/surefire/maven-surefire-plugin/xsd/surefire-test-report.xsd" name="pingpong.TestPedidos" time="0.272" tests="9" errors="0" skipped="0" failures="0">
  <properties>
[...]
</properties>
  <testcase name="test_Mordor" classname="pingpong.TestPedidos" time="0.223"/>
  <testcase name="test_pedido_peligroso_KO" classname="pingpong.TestPedidos" time="0"/>
  <testcase name="test_pedido_peligroso_OK" classname="pingpong.TestPedidos" time="0"/>
  <testcase name="test_interface_procesador" classname="pingpong.TestPedidos" time="0.002"/>
  <testcase name="test_UUID_generator" classname="pingpong.TestPedidos" time="0"/>
  <testcase name="test_printar_status" classname="pingpong.TestPedidos" time="0.002"/>
  <testcase name="test_Comarca" classname="pingpong.TestPedidos" time="0"/>
  <testcase name="test_tratamiento_pedido_multiple_tratar" classname="pingpong.TestPedidos" time="0.004"/>
  <testcase name="test_pedido_nacional_UUDI" classname="pingpong.TestPedidos" time="0"/>
</testsuite>